{"total": {"lines":{"total":64,"covered":35,"skipped":0,"pct":54.69},"statements":{"total":64,"covered":35,"skipped":0,"pct":54.69},"functions":{"total":35,"covered":13,"skipped":0,"pct":37.14},"branches":{"total":4,"covered":2,"skipped":0,"pct":50}}
,"/Users/jmiguel/Documents/Agilizei-Bootcamp/Chapter-3/proffy-aglz/web/src/App.tsx": {"lines":{"total":1,"covered":1,"skipped":0,"pct":100},"functions":{"total":1,"covered":1,"skipped":0,"pct":100},"statements":{"total":1,"covered":1,"skipped":0,"pct":100},"branches":{"total":0,"covered":0,"skipped":0,"pct":100}}
,"/Users/jmiguel/Documents/Agilizei-Bootcamp/Chapter-3/proffy-aglz/web/src/index.tsx": {"lines":{"total":1,"covered":1,"skipped":0,"pct":100},"functions":{"total":0,"covered":0,"skipped":0,"pct":100},"statements":{"total":1,"covered":1,"skipped":0,"pct":100},"branches":{"total":0,"covered":0,"skipped":0,"pct":100}}
,"/Users/jmiguel/Documents/Agilizei-Bootcamp/Chapter-3/proffy-aglz/web/src/routes.tsx": {"lines":{"total":1,"covered":1,"skipped":0,"pct":100},"functions":{"total":1,"covered":1,"skipped":0,"pct":100},"statements":{"total":1,"covered":1,"skipped":0,"pct":100},"branches":{"total":0,"covered":0,"skipped":0,"pct":100}}
,"/Users/jmiguel/Documents/Agilizei-Bootcamp/Chapter-3/proffy-aglz/web/src/components/Input/index.tsx": {"lines":{"total":2,"covered":2,"skipped":0,"pct":100},"functions":{"total":1,"covered":1,"skipped":0,"pct":100},"statements":{"total":2,"covered":2,"skipped":0,"pct":100},"branches":{"total":0,"covered":0,"skipped":0,"pct":100}}
,"/Users/jmiguel/Documents/Agilizei-Bootcamp/Chapter-3/proffy-aglz/web/src/components/PageHeader/index.tsx": {"lines":{"total":2,"covered":2,"skipped":0,"pct":100},"functions":{"total":1,"covered":1,"skipped":0,"pct":100},"statements":{"total":2,"covered":2,"skipped":0,"pct":100},"branches":{"total":2,"covered":2,"skipped":0,"pct":100}}
,"/Users/jmiguel/Documents/Agilizei-Bootcamp/Chapter-3/proffy-aglz/web/src/components/Select/index.tsx": {"lines":{"total":3,"covered":3,"skipped":0,"pct":100},"functions":{"total":2,"covered":2,"skipped":0,"pct":100},"statements":{"total":3,"covered":3,"skipped":0,"pct":100},"branches":{"total":0,"covered":0,"skipped":0,"pct":100}}
,"/Users/jmiguel/Documents/Agilizei-Bootcamp/Chapter-3/proffy-aglz/web/src/components/TeacherItem/index.tsx": {"lines":{"total":3,"covered":1,"skipped":0,"pct":33.33},"functions":{"total":2,"covered":0,"skipped":0,"pct":0},"statements":{"total":3,"covered":1,"skipped":0,"pct":33.33},"branches":{"total":0,"covered":0,"skipped":0,"pct":100}}
,"/Users/jmiguel/Documents/Agilizei-Bootcamp/Chapter-3/proffy-aglz/web/src/components/Textarea/index.tsx": {"lines":{"total":2,"covered":2,"skipped":0,"pct":100},"functions":{"total":1,"covered":1,"skipped":0,"pct":100},"statements":{"total":2,"covered":2,"skipped":0,"pct":100},"branches":{"total":0,"covered":0,"skipped":0,"pct":100}}
,"/Users/jmiguel/Documents/Agilizei-Bootcamp/Chapter-3/proffy-aglz/web/src/pages/Landing/index.tsx": {"lines":{"total":6,"covered":6,"skipped":0,"pct":100},"functions":{"total":3,"covered":3,"skipped":0,"pct":100},"statements":{"total":6,"covered":6,"skipped":0,"pct":100},"branches":{"total":0,"covered":0,"skipped":0,"pct":100}}
,"/Users/jmiguel/Documents/Agilizei-Bootcamp/Chapter-3/proffy-aglz/web/src/pages/TeacherForm/index.tsx": {"lines":{"total":30,"covered":10,"skipped":0,"pct":33.33},"functions":{"total":17,"covered":2,"skipped":0,"pct":11.76},"statements":{"total":30,"covered":10,"skipped":0,"pct":33.33},"branches":{"total":2,"covered":0,"skipped":0,"pct":0}}
,"/Users/jmiguel/Documents/Agilizei-Bootcamp/Chapter-3/proffy-aglz/web/src/pages/TeacherList/index.tsx": {"lines":{"total":12,"covered":5,"skipped":0,"pct":41.67},"functions":{"total":6,"covered":1,"skipped":0,"pct":16.67},"statements":{"total":12,"covered":5,"skipped":0,"pct":41.67},"branches":{"total":0,"covered":0,"skipped":0,"pct":100}}
,"/Users/jmiguel/Documents/Agilizei-Bootcamp/Chapter-3/proffy-aglz/web/src/services/api.ts": {"lines":{"total":1,"covered":1,"skipped":0,"pct":100},"functions":{"total":0,"covered":0,"skipped":0,"pct":100},"statements":{"total":1,"covered":1,"skipped":0,"pct":100},"branches":{"total":0,"covered":0,"skipped":0,"pct":100}}
}
