{"/Users/jmiguel/Documents/Agilizei-Bootcamp/Chapter-3/proffy-aglz/web/src/App.tsx": {"path":"/Users/jmiguel/Documents/Agilizei-Bootcamp/Chapter-3/proffy-aglz/web/src/App.tsx","statementMap":{"0":{"start":{"line":8,"column":2},"end":{"line":8,"column":20}}},"fnMap":{"0":{"name":"App","decl":{"start":{"line":7,"column":9},"end":{"line":7,"column":12}},"loc":{"start":{"line":7,"column":29},"end":{"line":9,"column":1}},"line":7}},"branchMap":{},"s":{"0":20},"f":{"0":20},"b":{},"_coverageSchema":"1a1c01bbd47fc00a2c39e90264f33305004495a9","hash":"043a710cb2edbfe23bbd0a927df00476558239de"}
,"/Users/jmiguel/Documents/Agilizei-Bootcamp/Chapter-3/proffy-aglz/web/src/index.tsx": {"path":"/Users/jmiguel/Documents/Agilizei-Bootcamp/Chapter-3/proffy-aglz/web/src/index.tsx","statementMap":{"0":{"start":{"line":5,"column":0},"end":{"line":10,"column":2}}},"fnMap":{},"branchMap":{},"s":{"0":20},"f":{},"b":{},"_coverageSchema":"1a1c01bbd47fc00a2c39e90264f33305004495a9","hash":"aab8680afba83348440e167e7a60104801a3c80a"}
,"/Users/jmiguel/Documents/Agilizei-Bootcamp/Chapter-3/proffy-aglz/web/src/routes.tsx": {"path":"/Users/jmiguel/Documents/Agilizei-Bootcamp/Chapter-3/proffy-aglz/web/src/routes.tsx","statementMap":{"0":{"start":{"line":9,"column":2},"end":{"line":15,"column":4}}},"fnMap":{"0":{"name":"Routes","decl":{"start":{"line":8,"column":9},"end":{"line":8,"column":15}},"loc":{"start":{"line":8,"column":32},"end":{"line":16,"column":1}},"line":8}},"branchMap":{},"s":{"0":20},"f":{"0":20},"b":{},"_coverageSchema":"1a1c01bbd47fc00a2c39e90264f33305004495a9","hash":"196b2b9f8472087a711a536c0450d20493bc64c3"}
,"/Users/jmiguel/Documents/Agilizei-Bootcamp/Chapter-3/proffy-aglz/web/src/components/Input/index.tsx": {"path":"/Users/jmiguel/Documents/Agilizei-Bootcamp/Chapter-3/proffy-aglz/web/src/components/Input/index.tsx","statementMap":{"0":{"start":{"line":10,"column":35},"end":{"line":17,"column":1}},"1":{"start":{"line":11,"column":2},"end":{"line":16,"column":4}}},"fnMap":{"0":{"name":"(anonymous_0)","decl":{"start":{"line":10,"column":35},"end":{"line":10,"column":36}},"loc":{"start":{"line":10,"column":77},"end":{"line":17,"column":1}},"line":10}},"branchMap":{},"s":{"0":20,"1":80},"f":{"0":80},"b":{},"_coverageSchema":"1a1c01bbd47fc00a2c39e90264f33305004495a9","hash":"147a02a46c0f6bec8be8330848ec3e53dd5bd1a1"}
,"/Users/jmiguel/Documents/Agilizei-Bootcamp/Chapter-3/proffy-aglz/web/src/components/PageHeader/index.tsx": {"path":"/Users/jmiguel/Documents/Agilizei-Bootcamp/Chapter-3/proffy-aglz/web/src/components/PageHeader/index.tsx","statementMap":{"0":{"start":{"line":15,"column":46},"end":{"line":33,"column":1}},"1":{"start":{"line":16,"column":2},"end":{"line":32,"column":4}}},"fnMap":{"0":{"name":"(anonymous_0)","decl":{"start":{"line":15,"column":46},"end":{"line":15,"column":47}},"loc":{"start":{"line":15,"column":101},"end":{"line":33,"column":1}},"line":15}},"branchMap":{"0":{"loc":{"start":{"line":27,"column":9},"end":{"line":27,"column":44}},"type":"binary-expr","locations":[{"start":{"line":27,"column":9},"end":{"line":27,"column":20}},{"start":{"line":27,"column":24},"end":{"line":27,"column":44}}],"line":27}},"s":{"0":20,"1":20},"f":{"0":20},"b":{"0":[20,12]},"_coverageSchema":"1a1c01bbd47fc00a2c39e90264f33305004495a9","hash":"b9e4c3170b3ca09a40891a908269f1250de62c73"}
,"/Users/jmiguel/Documents/Agilizei-Bootcamp/Chapter-3/proffy-aglz/web/src/components/Select/index.tsx": {"path":"/Users/jmiguel/Documents/Agilizei-Bootcamp/Chapter-3/proffy-aglz/web/src/components/Select/index.tsx","statementMap":{"0":{"start":{"line":14,"column":37},"end":{"line":26,"column":1}},"1":{"start":{"line":15,"column":2},"end":{"line":25,"column":4}},"2":{"start":{"line":21,"column":10},"end":{"line":21,"column":89}}},"fnMap":{"0":{"name":"(anonymous_0)","decl":{"start":{"line":14,"column":37},"end":{"line":14,"column":38}},"loc":{"start":{"line":14,"column":89},"end":{"line":26,"column":1}},"line":14},"1":{"name":"(anonymous_1)","decl":{"start":{"line":20,"column":21},"end":{"line":20,"column":22}},"loc":{"start":{"line":20,"column":31},"end":{"line":22,"column":9}},"line":20}},"branchMap":{},"s":{"0":20,"1":40,"2":360},"f":{"0":40,"1":360},"b":{},"_coverageSchema":"1a1c01bbd47fc00a2c39e90264f33305004495a9","hash":"0c2d780e2c0fb42fda6200e590b576f5a302a5c6"}
,"/Users/jmiguel/Documents/Agilizei-Bootcamp/Chapter-3/proffy-aglz/web/src/components/TeacherItem/index.tsx": {"path":"/Users/jmiguel/Documents/Agilizei-Bootcamp/Chapter-3/proffy-aglz/web/src/components/TeacherItem/index.tsx","statementMap":{"0":{"start":{"line":22,"column":48},"end":{"line":61,"column":1}},"1":{"start":{"line":24,"column":4},"end":{"line":26,"column":7}},"2":{"start":{"line":29,"column":2},"end":{"line":60,"column":4}}},"fnMap":{"0":{"name":"(anonymous_0)","decl":{"start":{"line":22,"column":48},"end":{"line":22,"column":49}},"loc":{"start":{"line":22,"column":83},"end":{"line":61,"column":1}},"line":22},"1":{"name":"createNewConnection","decl":{"start":{"line":23,"column":11},"end":{"line":23,"column":30}},"loc":{"start":{"line":23,"column":33},"end":{"line":27,"column":3}},"line":23}},"branchMap":{},"s":{"0":20,"1":0,"2":0},"f":{"0":0,"1":0},"b":{},"_coverageSchema":"1a1c01bbd47fc00a2c39e90264f33305004495a9","hash":"78e9ad902e6e1564d153ac741b6f6a44a1089922"}
,"/Users/jmiguel/Documents/Agilizei-Bootcamp/Chapter-3/proffy-aglz/web/src/components/Textarea/index.tsx": {"path":"/Users/jmiguel/Documents/Agilizei-Bootcamp/Chapter-3/proffy-aglz/web/src/components/Textarea/index.tsx","statementMap":{"0":{"start":{"line":10,"column":41},"end":{"line":17,"column":1}},"1":{"start":{"line":11,"column":2},"end":{"line":16,"column":4}}},"fnMap":{"0":{"name":"(anonymous_0)","decl":{"start":{"line":10,"column":41},"end":{"line":10,"column":42}},"loc":{"start":{"line":10,"column":86},"end":{"line":17,"column":1}},"line":10}},"branchMap":{},"s":{"0":20,"1":12},"f":{"0":12},"b":{},"_coverageSchema":"1a1c01bbd47fc00a2c39e90264f33305004495a9","hash":"d2d856f9e539736e946849c435787dfc052de970"}
,"/Users/jmiguel/Documents/Agilizei-Bootcamp/Chapter-3/proffy-aglz/web/src/pages/Landing/index.tsx": {"path":"/Users/jmiguel/Documents/Agilizei-Bootcamp/Chapter-3/proffy-aglz/web/src/pages/Landing/index.tsx","statementMap":{"0":{"start":{"line":15,"column":50},"end":{"line":15,"column":61}},"1":{"start":{"line":17,"column":2},"end":{"line":23,"column":9}},"2":{"start":{"line":18,"column":4},"end":{"line":22,"column":7}},"3":{"start":{"line":19,"column":24},"end":{"line":19,"column":37}},"4":{"start":{"line":21,"column":6},"end":{"line":21,"column":33}},"5":{"start":{"line":25,"column":2},"end":{"line":56,"column":4}}},"fnMap":{"0":{"name":"Landing","decl":{"start":{"line":14,"column":9},"end":{"line":14,"column":16}},"loc":{"start":{"line":14,"column":33},"end":{"line":57,"column":1}},"line":14},"1":{"name":"(anonymous_1)","decl":{"start":{"line":17,"column":12},"end":{"line":17,"column":13}},"loc":{"start":{"line":17,"column":18},"end":{"line":23,"column":3}},"line":17},"2":{"name":"(anonymous_2)","decl":{"start":{"line":18,"column":32},"end":{"line":18,"column":33}},"loc":{"start":{"line":18,"column":44},"end":{"line":22,"column":5}},"line":18}},"branchMap":{},"s":{"0":80,"1":80,"2":20,"3":20,"4":20,"5":80},"f":{"0":80,"1":20,"2":20},"b":{},"_coverageSchema":"1a1c01bbd47fc00a2c39e90264f33305004495a9","hash":"148597539f27e60e8701f3d586ea05f01fa688c7"}
,"/Users/jmiguel/Documents/Agilizei-Bootcamp/Chapter-3/proffy-aglz/web/src/pages/TeacherForm/index.tsx": {"path":"/Users/jmiguel/Documents/Agilizei-Bootcamp/Chapter-3/proffy-aglz/web/src/pages/TeacherForm/index.tsx","statementMap":{"0":{"start":{"line":14,"column":18},"end":{"line":14,"column":30}},"1":{"start":{"line":16,"column":26},"end":{"line":16,"column":38}},"2":{"start":{"line":17,"column":30},"end":{"line":17,"column":42}},"3":{"start":{"line":18,"column":24},"end":{"line":18,"column":36}},"4":{"start":{"line":19,"column":34},"end":{"line":19,"column":46}},"5":{"start":{"line":21,"column":32},"end":{"line":21,"column":44}},"6":{"start":{"line":22,"column":26},"end":{"line":22,"column":38}},"7":{"start":{"line":24,"column":44},"end":{"line":26,"column":4}},"8":{"start":{"line":29,"column":4},"end":{"line":31,"column":7}},"9":{"start":{"line":35,"column":4},"end":{"line":35,"column":23}},"10":{"start":{"line":37,"column":4},"end":{"line":51,"column":7}},"11":{"start":{"line":46,"column":6},"end":{"line":46,"column":47}},"12":{"start":{"line":48,"column":6},"end":{"line":48,"column":24}},"13":{"start":{"line":50,"column":6},"end":{"line":50,"column":33}},"14":{"start":{"line":55,"column":32},"end":{"line":61,"column":6}},"15":{"start":{"line":56,"column":6},"end":{"line":58,"column":7}},"16":{"start":{"line":57,"column":8},"end":{"line":57,"column":51}},"17":{"start":{"line":60,"column":6},"end":{"line":60,"column":26}},"18":{"start":{"line":63,"column":4},"end":{"line":63,"column":42}},"19":{"start":{"line":66,"column":2},"end":{"line":194,"column":4}},"20":{"start":{"line":81,"column":33},"end":{"line":81,"column":56}},"21":{"start":{"line":88,"column":33},"end":{"line":88,"column":58}},"22":{"start":{"line":95,"column":33},"end":{"line":95,"column":60}},"23":{"start":{"line":102,"column":33},"end":{"line":102,"column":55}},"24":{"start":{"line":112,"column":33},"end":{"line":112,"column":59}},"25":{"start":{"line":131,"column":33},"end":{"line":131,"column":56}},"26":{"start":{"line":141,"column":14},"end":{"line":175,"column":16}},"27":{"start":{"line":147,"column":35},"end":{"line":147,"column":90}},"28":{"start":{"line":164,"column":35},"end":{"line":164,"column":86}},"29":{"start":{"line":172,"column":35},"end":{"line":172,"column":84}}},"fnMap":{"0":{"name":"TeacherForm","decl":{"start":{"line":13,"column":9},"end":{"line":13,"column":20}},"loc":{"start":{"line":13,"column":37},"end":{"line":195,"column":1}},"line":13},"1":{"name":"addNewScheduleItem","decl":{"start":{"line":28,"column":11},"end":{"line":28,"column":29}},"loc":{"start":{"line":28,"column":32},"end":{"line":32,"column":3}},"line":28},"2":{"name":"handleCreateClass","decl":{"start":{"line":34,"column":11},"end":{"line":34,"column":28}},"loc":{"start":{"line":34,"column":43},"end":{"line":52,"column":3}},"line":34},"3":{"name":"(anonymous_3)","decl":{"start":{"line":45,"column":12},"end":{"line":45,"column":13}},"loc":{"start":{"line":45,"column":18},"end":{"line":49,"column":5}},"line":45},"4":{"name":"(anonymous_4)","decl":{"start":{"line":49,"column":13},"end":{"line":49,"column":14}},"loc":{"start":{"line":49,"column":19},"end":{"line":51,"column":5}},"line":49},"5":{"name":"setScheduleItemValue","decl":{"start":{"line":54,"column":11},"end":{"line":54,"column":31}},"loc":{"start":{"line":54,"column":80},"end":{"line":64,"column":3}},"line":54},"6":{"name":"(anonymous_6)","decl":{"start":{"line":55,"column":50},"end":{"line":55,"column":51}},"loc":{"start":{"line":55,"column":75},"end":{"line":61,"column":5}},"line":55},"7":{"name":"(anonymous_7)","decl":{"start":{"line":81,"column":24},"end":{"line":81,"column":25}},"loc":{"start":{"line":81,"column":31},"end":{"line":81,"column":58}},"line":81},"8":{"name":"(anonymous_8)","decl":{"start":{"line":88,"column":24},"end":{"line":88,"column":25}},"loc":{"start":{"line":88,"column":31},"end":{"line":88,"column":60}},"line":88},"9":{"name":"(anonymous_9)","decl":{"start":{"line":95,"column":24},"end":{"line":95,"column":25}},"loc":{"start":{"line":95,"column":31},"end":{"line":95,"column":62}},"line":95},"10":{"name":"(anonymous_10)","decl":{"start":{"line":102,"column":24},"end":{"line":102,"column":25}},"loc":{"start":{"line":102,"column":31},"end":{"line":102,"column":57}},"line":102},"11":{"name":"(anonymous_11)","decl":{"start":{"line":112,"column":24},"end":{"line":112,"column":25}},"loc":{"start":{"line":112,"column":31},"end":{"line":112,"column":61}},"line":112},"12":{"name":"(anonymous_12)","decl":{"start":{"line":131,"column":24},"end":{"line":131,"column":25}},"loc":{"start":{"line":131,"column":31},"end":{"line":131,"column":58}},"line":131},"13":{"name":"(anonymous_13)","decl":{"start":{"line":140,"column":31},"end":{"line":140,"column":32}},"loc":{"start":{"line":140,"column":56},"end":{"line":176,"column":13}},"line":140},"14":{"name":"(anonymous_14)","decl":{"start":{"line":147,"column":30},"end":{"line":147,"column":31}},"loc":{"start":{"line":147,"column":35},"end":{"line":147,"column":90}},"line":147},"15":{"name":"(anonymous_15)","decl":{"start":{"line":164,"column":30},"end":{"line":164,"column":31}},"loc":{"start":{"line":164,"column":35},"end":{"line":164,"column":86}},"line":164},"16":{"name":"(anonymous_16)","decl":{"start":{"line":172,"column":30},"end":{"line":172,"column":31}},"loc":{"start":{"line":172,"column":35},"end":{"line":172,"column":84}},"line":172}},"branchMap":{"0":{"loc":{"start":{"line":56,"column":6},"end":{"line":58,"column":7}},"type":"if","locations":[{"start":{"line":56,"column":6},"end":{"line":58,"column":7}},{"start":{"line":56,"column":6},"end":{"line":58,"column":7}}],"line":56}},"s":{"0":24,"1":24,"2":24,"3":24,"4":24,"5":24,"6":24,"7":24,"8":0,"9":0,"10":0,"11":0,"12":0,"13":0,"14":0,"15":0,"16":0,"17":0,"18":0,"19":24,"20":0,"21":0,"22":0,"23":0,"24":0,"25":0,"26":24,"27":0,"28":0,"29":0},"f":{"0":24,"1":0,"2":0,"3":0,"4":0,"5":0,"6":0,"7":0,"8":0,"9":0,"10":0,"11":0,"12":0,"13":24,"14":0,"15":0,"16":0},"b":{"0":[0,0]},"_coverageSchema":"1a1c01bbd47fc00a2c39e90264f33305004495a9","hash":"5abfeea48dd376947cd1da24cef2f89b9f06cc7f"}
,"/Users/jmiguel/Documents/Agilizei-Bootcamp/Chapter-3/proffy-aglz/web/src/pages/TeacherList/index.tsx": {"path":"/Users/jmiguel/Documents/Agilizei-Bootcamp/Chapter-3/proffy-aglz/web/src/pages/TeacherList/index.tsx","statementMap":{"0":{"start":{"line":11,"column":32},"end":{"line":11,"column":44}},"1":{"start":{"line":12,"column":32},"end":{"line":12,"column":44}},"2":{"start":{"line":13,"column":26},"end":{"line":13,"column":38}},"3":{"start":{"line":15,"column":34},"end":{"line":15,"column":46}},"4":{"start":{"line":18,"column":4},"end":{"line":18,"column":23}},"5":{"start":{"line":20,"column":21},"end":{"line":26,"column":6}},"6":{"start":{"line":28,"column":4},"end":{"line":28,"column":31}},"7":{"start":{"line":31,"column":2},"end":{"line":87,"column":4}},"8":{"start":{"line":39,"column":29},"end":{"line":39,"column":55}},"9":{"start":{"line":58,"column":29},"end":{"line":58,"column":55}},"10":{"start":{"line":74,"column":29},"end":{"line":74,"column":52}},"11":{"start":{"line":83,"column":10},"end":{"line":83,"column":67}}},"fnMap":{"0":{"name":"TeacherList","decl":{"start":{"line":10,"column":9},"end":{"line":10,"column":20}},"loc":{"start":{"line":10,"column":37},"end":{"line":88,"column":1}},"line":10},"1":{"name":"searchTeachers","decl":{"start":{"line":17,"column":17},"end":{"line":17,"column":31}},"loc":{"start":{"line":17,"column":46},"end":{"line":29,"column":3}},"line":17},"2":{"name":"(anonymous_2)","decl":{"start":{"line":39,"column":22},"end":{"line":39,"column":23}},"loc":{"start":{"line":39,"column":27},"end":{"line":39,"column":57}},"line":39},"3":{"name":"(anonymous_3)","decl":{"start":{"line":58,"column":22},"end":{"line":58,"column":23}},"loc":{"start":{"line":58,"column":27},"end":{"line":58,"column":57}},"line":58},"4":{"name":"(anonymous_4)","decl":{"start":{"line":74,"column":22},"end":{"line":74,"column":23}},"loc":{"start":{"line":74,"column":27},"end":{"line":74,"column":54}},"line":74},"5":{"name":"(anonymous_5)","decl":{"start":{"line":82,"column":22},"end":{"line":82,"column":23}},"loc":{"start":{"line":82,"column":44},"end":{"line":84,"column":9}},"line":82}},"branchMap":{},"s":{"0":16,"1":16,"2":16,"3":16,"4":0,"5":0,"6":0,"7":16,"8":0,"9":0,"10":0,"11":0},"f":{"0":16,"1":0,"2":0,"3":0,"4":0,"5":0},"b":{},"_coverageSchema":"1a1c01bbd47fc00a2c39e90264f33305004495a9","hash":"6aad683dd8b55135f71be39926c23e4bf606ad90"}
,"/Users/jmiguel/Documents/Agilizei-Bootcamp/Chapter-3/proffy-aglz/web/src/services/api.ts": {"path":"/Users/jmiguel/Documents/Agilizei-Bootcamp/Chapter-3/proffy-aglz/web/src/services/api.ts","statementMap":{"0":{"start":{"line":3,"column":12},"end":{"line":5,"column":2}}},"fnMap":{},"branchMap":{},"s":{"0":20},"f":{},"b":{},"_coverageSchema":"1a1c01bbd47fc00a2c39e90264f33305004495a9","hash":"272605179d692540a4b3e60609889c992b04ee77"}
}
