TN:
SF:src/App.tsx
FN:7,App
FNF:1
FNH:1
FNDA:20,App
DA:8,20
LF:1
LH:1
BRF:0
BRH:0
end_of_record
TN:
SF:src/index.tsx
FNF:0
FNH:0
DA:5,20
LF:1
LH:1
BRF:0
BRH:0
end_of_record
TN:
SF:src/routes.tsx
FN:8,Routes
FNF:1
FNH:1
FNDA:20,Routes
DA:9,20
LF:1
LH:1
BRF:0
BRH:0
end_of_record
TN:
SF:src/components/Input/index.tsx
FN:10,(anonymous_0)
FNF:1
FNH:1
FNDA:80,(anonymous_0)
DA:10,20
DA:11,80
LF:2
LH:2
BRF:0
BRH:0
end_of_record
TN:
SF:src/components/PageHeader/index.tsx
FN:15,(anonymous_0)
FNF:1
FNH:1
FNDA:20,(anonymous_0)
DA:15,20
DA:16,20
LF:2
LH:2
BRDA:27,0,0,20
BRDA:27,0,1,12
BRF:2
BRH:2
end_of_record
TN:
SF:src/components/Select/index.tsx
FN:14,(anonymous_0)
FN:20,(anonymous_1)
FNF:2
FNH:2
FNDA:40,(anonymous_0)
FNDA:360,(anonymous_1)
DA:14,20
DA:15,40
DA:21,360
LF:3
LH:3
BRF:0
BRH:0
end_of_record
TN:
SF:src/components/TeacherItem/index.tsx
FN:22,(anonymous_0)
FN:23,createNewConnection
FNF:2
FNH:0
FNDA:0,(anonymous_0)
FNDA:0,createNewConnection
DA:22,20
DA:24,0
DA:29,0
LF:3
LH:1
BRF:0
BRH:0
end_of_record
TN:
SF:src/components/Textarea/index.tsx
FN:10,(anonymous_0)
FNF:1
FNH:1
FNDA:12,(anonymous_0)
DA:10,20
DA:11,12
LF:2
LH:2
BRF:0
BRH:0
end_of_record
TN:
SF:src/pages/Landing/index.tsx
FN:14,Landing
FN:17,(anonymous_1)
FN:18,(anonymous_2)
FNF:3
FNH:3
FNDA:80,Landing
FNDA:20,(anonymous_1)
FNDA:20,(anonymous_2)
DA:15,80
DA:17,80
DA:18,20
DA:19,20
DA:21,20
DA:25,80
LF:6
LH:6
BRF:0
BRH:0
end_of_record
TN:
SF:src/pages/TeacherForm/index.tsx
FN:13,TeacherForm
FN:28,addNewScheduleItem
FN:34,handleCreateClass
FN:45,(anonymous_3)
FN:49,(anonymous_4)
FN:54,setScheduleItemValue
FN:55,(anonymous_6)
FN:81,(anonymous_7)
FN:88,(anonymous_8)
FN:95,(anonymous_9)
FN:102,(anonymous_10)
FN:112,(anonymous_11)
FN:131,(anonymous_12)
FN:140,(anonymous_13)
FN:147,(anonymous_14)
FN:164,(anonymous_15)
FN:172,(anonymous_16)
FNF:17
FNH:2
FNDA:24,TeacherForm
FNDA:0,addNewScheduleItem
FNDA:0,handleCreateClass
FNDA:0,(anonymous_3)
FNDA:0,(anonymous_4)
FNDA:0,setScheduleItemValue
FNDA:0,(anonymous_6)
FNDA:0,(anonymous_7)
FNDA:0,(anonymous_8)
FNDA:0,(anonymous_9)
FNDA:0,(anonymous_10)
FNDA:0,(anonymous_11)
FNDA:0,(anonymous_12)
FNDA:24,(anonymous_13)
FNDA:0,(anonymous_14)
FNDA:0,(anonymous_15)
FNDA:0,(anonymous_16)
DA:14,24
DA:16,24
DA:17,24
DA:18,24
DA:19,24
DA:21,24
DA:22,24
DA:24,24
DA:29,0
DA:35,0
DA:37,0
DA:46,0
DA:48,0
DA:50,0
DA:55,0
DA:56,0
DA:57,0
DA:60,0
DA:63,0
DA:66,24
DA:81,0
DA:88,0
DA:95,0
DA:102,0
DA:112,0
DA:131,0
DA:141,24
DA:147,0
DA:164,0
DA:172,0
LF:30
LH:10
BRDA:56,0,0,0
BRDA:56,0,1,0
BRF:2
BRH:0
end_of_record
TN:
SF:src/pages/TeacherList/index.tsx
FN:10,TeacherList
FN:17,searchTeachers
FN:39,(anonymous_2)
FN:58,(anonymous_3)
FN:74,(anonymous_4)
FN:82,(anonymous_5)
FNF:6
FNH:1
FNDA:16,TeacherList
FNDA:0,searchTeachers
FNDA:0,(anonymous_2)
FNDA:0,(anonymous_3)
FNDA:0,(anonymous_4)
FNDA:0,(anonymous_5)
DA:11,16
DA:12,16
DA:13,16
DA:15,16
DA:18,0
DA:20,0
DA:28,0
DA:31,16
DA:39,0
DA:58,0
DA:74,0
DA:83,0
LF:12
LH:5
BRF:0
BRH:0
end_of_record
TN:
SF:src/services/api.ts
FNF:0
FNH:0
DA:3,20
LF:1
LH:1
BRF:0
BRH:0
end_of_record
